/ |   0       | cpars works for all Stock, Fleet, Obs, Imp slots- |   1       | cpars works for all Stock, Fleet, Obs, Imp slots\ |   2       | cpars works for all Stock, Fleet, Obs, Imp slots| |   3       | cpars works for all Stock, Fleet, Obs, Imp slots/ |   4       | cpars works for all Stock, Fleet, Obs, Imp slots- |   5       | cpars works for all Stock, Fleet, Obs, Imp slots\ |   6       | cpars works for all Stock, Fleet, Obs, Imp slots| |   7       | cpars works for all Stock, Fleet, Obs, Imp slots/ |   8       | cpars works for all Stock, Fleet, Obs, Imp slots- |   9       | cpars works for all Stock, Fleet, Obs, Imp slots\ |  10       | cpars works for all Stock, Fleet, Obs, Imp slots| |  11       | cpars works for all Stock, Fleet, Obs, Imp slots/ |  12       | cpars works for all Stock, Fleet, Obs, Imp slots- |  13       | cpars works for all Stock, Fleet, Obs, Imp slots\ |  14       | cpars works for all Stock, Fleet, Obs, Imp slots| |  15       | cpars works for all Stock, Fleet, Obs, Imp slots/ |  16       | cpars works for all Stock, Fleet, Obs, Imp slots- |  17       | cpars works for all Stock, Fleet, Obs, Imp slots\ |  18       | cpars works for all Stock, Fleet, Obs, Imp slots| |  19       | cpars works for all Stock, Fleet, Obs, Imp slots/ |  20       | cpars works for all Stock, Fleet, Obs, Imp slots- |  21       | cpars works for all Stock, Fleet, Obs, Imp slots\ |  22       | cpars works for all Stock, Fleet, Obs, Imp slots| |  23       | cpars works for all Stock, Fleet, Obs, Imp slots/ |  24       | cpars works for all Stock, Fleet, Obs, Imp slots- |  25       | cpars works for all Stock, Fleet, Obs, Imp slots\ |  26       | cpars works for all Stock, Fleet, Obs, Imp slots| |  27       | cpars works for all Stock, Fleet, Obs, Imp slots/ |  28       | cpars works for all Stock, Fleet, Obs, Imp slots- |  29       | cpars works for all Stock, Fleet, Obs, Imp slots\ |  30       | cpars works for all Stock, Fleet, Obs, Imp slots| |  31       | cpars works for all Stock, Fleet, Obs, Imp slots/ |  32       | cpars works for all Stock, Fleet, Obs, Imp slots- |  33       | cpars works for all Stock, Fleet, Obs, Imp slots\ |  34       | cpars works for all Stock, Fleet, Obs, Imp slots| |  35       | cpars works for all Stock, Fleet, Obs, Imp slots/ |  36       | cpars works for all Stock, Fleet, Obs, Imp slots- |  37       | cpars works for all Stock, Fleet, Obs, Imp slots- |  41       | cpars works for all Stock, Fleet, Obs, Imp slots\ |  42       | cpars works for all Stock, Fleet, Obs, Imp slots| |  43       | cpars works for all Stock, Fleet, Obs, Imp slots| |  44     3 | cpars works for all Stock, Fleet, Obs, Imp slots/ |  45     7 | cpars works for all Stock, Fleet, Obs, Imp slots- |  46     7 | cpars works for all Stock, Fleet, Obs, Imp slots\ |  47     7 | cpars works for all Stock, Fleet, Obs, Imp slots| |  48     7 | cpars works for all Stock, Fleet, Obs, Imp slots/ |  49     7 | cpars works for all Stock, Fleet, Obs, Imp slots- |  50     7 | cpars works for all Stock, Fleet, Obs, Imp slots\ |  51     7 | cpars works for all Stock, Fleet, Obs, Imp slots| |  52     7 | cpars works for all Stock, Fleet, Obs, Imp slots/ |  53     7 | cpars works for all Stock, Fleet, Obs, Imp slots- |  54     7 | cpars works for all Stock, Fleet, Obs, Imp slots\ |  55     7 | cpars works for all Stock, Fleet, Obs, Imp slots